<?xml version="1.0" encoding="UTF-8"?>
<!-- Generated by org.testng.reporters.JUnitXMLReporter -->
<testsuite hostname="Saroj" ignored="0" name="Default test" tests="3" failures="0" timestamp="21 Aug 2018 18:05:41 GMT" time="46.215" errors="0">
  <testcase name="googlesearch" time="5.38" classname="ebay_login_automation.TestScript"/>
  <testcase name="getlink" time="3.319" classname="ebay_login_automation.TestScript"/>
  <testcase name="signIn" time="31.297" classname="ebay_login_automation.TestScript"/>
</testsuite> <!-- Default test -->
