<?xml version="1.0" encoding="UTF-8"?>
<testng-results skipped="0" failed="0" ignored="0" total="3" passed="3">
  <reporter-output>
  </reporter-output>
  <suite name="Default suite" duration-ms="46215" started-at="2018-08-21T18:04:55Z" finished-at="2018-08-21T18:05:41Z">
    <groups>
    </groups>
    <test name="Default test" duration-ms="46215" started-at="2018-08-21T18:04:55Z" finished-at="2018-08-21T18:05:41Z">
      <class name="ebay_login_automation.TestScript">
        <test-method status="PASS" signature="setup()[pri:0, instance:ebay_login_automation.TestScript@5c7fa833]" name="setup" is-config="true" duration-ms="4696" started-at="2018-08-21T18:04:55Z" finished-at="2018-08-21T18:05:00Z">
          <reporter-output>
          </reporter-output>
        </test-method> <!-- setup -->
        <test-method status="PASS" signature="googlesearch()[pri:2, instance:ebay_login_automation.TestScript@5c7fa833]" name="googlesearch" duration-ms="5380" started-at="2018-08-21T18:05:00Z" finished-at="2018-08-21T18:05:05Z">
          <reporter-output>
          </reporter-output>
        </test-method> <!-- googlesearch -->
        <test-method status="PASS" signature="getlink()[pri:3, instance:ebay_login_automation.TestScript@5c7fa833]" name="getlink" duration-ms="3319" started-at="2018-08-21T18:05:05Z" finished-at="2018-08-21T18:05:08Z">
          <reporter-output>
          </reporter-output>
        </test-method> <!-- getlink -->
        <test-method status="PASS" signature="signIn()[pri:4, instance:ebay_login_automation.TestScript@5c7fa833]" name="signIn" duration-ms="31297" started-at="2018-08-21T18:05:08Z" finished-at="2018-08-21T18:05:40Z">
          <reporter-output>
          </reporter-output>
        </test-method> <!-- signIn -->
        <test-method status="PASS" signature="closeAll()[pri:0, instance:ebay_login_automation.TestScript@5c7fa833]" name="closeAll" is-config="true" duration-ms="1494" started-at="2018-08-21T18:05:40Z" finished-at="2018-08-21T18:05:41Z">
          <reporter-output>
          </reporter-output>
        </test-method> <!-- closeAll -->
      </class> <!-- ebay_login_automation.TestScript -->
    </test> <!-- Default test -->
  </suite> <!-- Default suite -->
</testng-results>
