<?xml version="1.0" encoding="UTF-8"?>
<!-- Generated by org.testng.reporters.JUnitReportReporter -->
<testsuite skipped="0" hostname="Saroj" name="ebay_login_automation.TestScript" tests="4" failures="0" timestamp="22 Aug 2018 06:54:23 GMT" time="29.002" errors="0">
  <testcase name="googlesearch" time="4.796" classname="ebay_login_automation.TestScript"/>
  <testcase name="getlink" time="3.016" classname="ebay_login_automation.TestScript"/>
  <testcase name="signIn" time="16.596" classname="ebay_login_automation.TestScript"/>
  <testcase name="signOut" time="4.594" classname="ebay_login_automation.TestScript"/>
</testsuite> <!-- ebay_login_automation.TestScript -->
